[2020-12-30T18:29:54.799200+00:00] name.INFO: Anmeldung erfolgreich [] []
[2020-12-30T18:30:04.041386+00:00] name.INFO: Anmeldung verifiziert [] []
[2020-12-30T18:30:07.457107+00:00] name.INFO: Abmeldung erfolgreich [] []
[2020-12-30T18:35:56.448839+00:00] name.INFO: Anmeldung erfolgreich [] []
[2020-12-30T18:36:00.343724+00:00] name.INFO: Anmeldung verifiziert [] []
[2020-12-30T18:36:00.353238+00:00] name.INFO: Anmeldung erfolgreich [] []
[2020-12-30T18:36:39.289106+00:00] name.INFO: Anmeldung erfolgreich [] []
[2020-12-30T18:36:52.703577+00:00] name.INFO: Anmeldung erfolgreich [] []
[2020-12-30T18:36:58.311695+00:00] name.INFO: Anmeldung verifiziert [] []
[2020-12-30T18:36:58.320963+00:00] name.INFO: Anmeldung erfolgreich [] []
[2020-12-30T18:37:08.332790+00:00] name.INFO: Anmeldung erfolgreich [] []
[2020-12-30T18:38:20.831133+00:00] name.INFO: Anmeldung erfolgreich1 [] []
[2020-12-30T18:38:25.203478+00:00] name.INFO: Anmeldung erfolgreich1 [] []
[2020-12-30T21:15:48.617513+00:00] name.INFO: Anmeldung besucht [] []
[2020-12-30T21:16:00.112132+00:00] name.INFO: Anmeldung verifiziert [] []
[2020-12-30T21:16:08.629036+00:00] name.INFO: Abmeldung erfolgreich2 [] []
[2020-12-30T21:17:06.752708+00:00] name.INFO: Anmeldung besucht [] []
[2020-12-30T21:17:07.199845+00:00] name.INFO: Anmeldung besucht [] []
[2020-12-30T21:17:16.463757+00:00] name.INFO: Anmeldung besucht [] []
[2020-12-30T21:17:27.829171+00:00] name.INFO: Anmeldung besucht [] []
[2020-12-30T21:17:39.512778+00:00] name.INFO: Anmeldung besucht [] []
[2020-12-30T21:17:48.945972+00:00] name.INFO: Anmeldung verifiziert [] []
[2020-12-30T21:17:48.955631+00:00] name.INFO: Anmeldung besucht [] []
[2020-12-30T21:20:41.057176+00:00] name.INFO: Anmeldung besucht [] []
[2020-12-30T21:20:50.827096+00:00] name.INFO: Anmeldung verifiziert [] []
[2020-12-30T21:20:57.390971+00:00] name.INFO: Abmeldung erfolgreich [] []
[2020-12-30T21:21:06.099465+00:00] name.INFO: Anmeldung besucht [] []
[2020-12-30T21:21:14.694144+00:00] name.WARNING: Anmeldung fehlgeschlagen [] []
[2020-12-30T21:21:14.702411+00:00] name.INFO: Anmeldung besucht [] []
[2020-12-31T12:16:18.692938+00:00] name.INFO: Anmeldung besucht [] []
[2020-12-31T12:16:29.033980+00:00] name.INFO: Anmeldung verifiziert [] []
[2020-12-31T12:16:31.244721+00:00] name.INFO: Abmeldung erfolgreich [] []
[2021-01-06T14:08:28.248641+00:00] LOG.INFO: Home besucht [] []
[2021-01-06T14:09:22.391411+00:00] LOG.INFO: Anmeldung besucht [] []
[2021-01-06T14:09:28.255480+00:00] LOG.WARNING: Anmeldung fehlgeschlagen [] []
[2021-01-06T14:09:28.268966+00:00] LOG.INFO: Anmeldung besucht [] []
[2021-01-06T14:15:20.561667+00:00] LOG.INFO: Home besucht [] []
[2021-01-06T14:15:21.855636+00:00] LOG.INFO: Home besucht [] []
[2021-01-06T14:47:46.889072+00:00] LOG.INFO: Home besucht [] []
[2021-01-06T14:52:02.655309+00:00] LOG.INFO: Anmeldung besucht [] []
[2021-01-06T14:52:09.108444+00:00] LOG.WARNING: Anmeldung fehlgeschlagen [] []
[2021-01-06T14:52:09.117135+00:00] LOG.INFO: Anmeldung besucht [] []
[2021-01-06T14:52:28.455143+00:00] LOG.INFO: Anmeldung besucht [] []
[2021-01-06T14:52:36.392727+00:00] LOG.WARNING: Anmeldung fehlgeschlagen [] []
[2021-01-06T14:52:36.406566+00:00] LOG.INFO: Anmeldung besucht [] []
[2021-01-06T14:52:57.320141+00:00] LOG.INFO: Anmeldung verifiziert [] []
[2021-01-06T14:52:57.344234+00:00] LOG.INFO: Home besucht [] []
[2021-01-06T14:53:22.776532+00:00] LOG.INFO: Abmeldung erfolgreich [] []
[2021-01-06T14:53:22.828356+00:00] LOG.INFO: Home besucht [] []
[2021-01-06T14:59:22.827419+00:00] LOG.INFO: Anmeldung besucht [] []
[2021-01-06T14:59:41.323686+00:00] LOG.INFO: Anmeldung verifiziert [] []
[2021-01-06T14:59:41.397043+00:00] LOG.INFO: Home besucht [] []
[2021-01-06T15:00:25.876015+00:00] LOG.INFO: Abmeldung erfolgreich [] []
[2021-01-06T15:00:25.899725+00:00] LOG.INFO: Home besucht [] []
[2021-01-11T12:19:46.121830+00:00] LOG.INFO: Home besucht [] []
[2021-01-11T13:55:55.472389+00:00] LOG.INFO: Home besucht [] []
[2021-01-11T13:56:01.733743+00:00] LOG.INFO: Home besucht [] []
[2021-01-11T13:56:03.258094+00:00] LOG.INFO: Anmeldung besucht [] []
[2021-01-11T13:56:22.364710+00:00] LOG.INFO: Anmeldung besucht [] []
[2021-01-11T13:56:34.992097+00:00] LOG.INFO: Anmeldung verifiziert [] []
[2021-01-11T13:56:35.000450+00:00] LOG.INFO: Home besucht [] []
[2021-01-11T13:56:37.161639+00:00] LOG.INFO: Home besucht [] []
[2021-01-11T13:56:37.940026+00:00] LOG.INFO: Bewertung besucht [] []
[2021-01-11T13:56:44.388137+00:00] LOG.INFO: Abmeldung erfolgreich [] []
[2021-01-11T13:56:44.398623+00:00] LOG.INFO: Home besucht [] []
[2021-01-11T14:11:40.878060+00:00] LOG.INFO: Home besucht [] []
[2021-01-11T14:11:41.677859+00:00] LOG.INFO: Anmeldung besucht [] []
[2021-01-11T14:11:53.598057+00:00] LOG.INFO: Anmeldung verifiziert [] []
[2021-01-11T14:11:53.644043+00:00] LOG.INFO: Home besucht [] []
[2021-01-11T14:11:56.010078+00:00] LOG.INFO: Home besucht [] []
[2021-01-11T14:11:56.448033+00:00] LOG.INFO: Bewertung besucht [] []
[2021-01-11T14:11:57.825722+00:00] LOG.INFO: Bewertung besucht [] []
[2021-01-11T14:13:08.832585+00:00] LOG.INFO: Bewertung besucht [] []
[2021-01-11T14:35:36.559914+00:00] LOG.INFO: Bewertung besucht [] []
